<?xml version="1.0" encoding="UTF-8"?>
<!-- Generated by org.testng.reporters.JUnitXMLReporter -->
<testsuite hostname="Karthick-PC" ignored="0" name="TestNGTest" tests="3" failures="0" timestamp="18 Aug 2018 10:39:58 GMT" time="0.051" errors="0">
  <testcase name="Test1" time="0.01" classname="testNGPractices.TestOne"/>
  <testcase name="Test2" time="0.001" classname="testNGPractices.TestTwo"/>
  <testcase name="Test3" time="0.008" classname="testNGPractices.TestThree"/>
</testsuite> <!-- TestNGTest -->
