<?xml version="1.0" encoding="UTF-8"?>
<testng-results skipped="0" failed="0" ignored="0" total="3" passed="3">
  <reporter-output>
  </reporter-output>
  <suite name="TestNGSuite" duration-ms="51" started-at="2018-08-18T10:39:58Z" finished-at="2018-08-18T10:39:58Z">
    <groups>
    </groups>
    <test name="TestNGTest" duration-ms="51" started-at="2018-08-18T10:39:58Z" finished-at="2018-08-18T10:39:58Z">
      <class name="testNGPractices.TestOne">
        <test-method status="PASS" signature="Test1()[pri:0, instance:testNGPractices.TestOne@50c87b21]" name="Test1" duration-ms="10" started-at="2018-08-18T16:09:58Z" finished-at="2018-08-18T16:09:58Z">
          <reporter-output>
          </reporter-output>
        </test-method> <!-- Test1 -->
      </class> <!-- testNGPractices.TestOne -->
      <class name="testNGPractices.TestNGPractice_BeforeandAfter">
        <test-method status="PASS" signature="BeforeSuite()[pri:0, instance:testNGPractices.TestNGPractice_BeforeandAfter@6d78f375]" name="BeforeSuite" is-config="true" duration-ms="11" started-at="2018-08-18T16:09:58Z" finished-at="2018-08-18T16:09:58Z">
          <reporter-output>
          </reporter-output>
        </test-method> <!-- BeforeSuite -->
        <test-method status="PASS" signature="BeforeTest()[pri:0, instance:testNGPractices.TestNGPractice_BeforeandAfter@6d78f375]" name="BeforeTest" is-config="true" duration-ms="1" started-at="2018-08-18T16:09:58Z" finished-at="2018-08-18T16:09:58Z">
          <reporter-output>
          </reporter-output>
        </test-method> <!-- BeforeTest -->
        <test-method status="PASS" signature="AfterTest()[pri:0, instance:testNGPractices.TestNGPractice_BeforeandAfter@6d78f375]" name="AfterTest" is-config="true" duration-ms="0" started-at="2018-08-18T16:09:58Z" finished-at="2018-08-18T16:09:58Z">
          <reporter-output>
          </reporter-output>
        </test-method> <!-- AfterTest -->
        <test-method status="PASS" signature="AfterSuite()[pri:0, instance:testNGPractices.TestNGPractice_BeforeandAfter@6d78f375]" name="AfterSuite" is-config="true" duration-ms="0" started-at="2018-08-18T16:09:58Z" finished-at="2018-08-18T16:09:58Z">
          <reporter-output>
          </reporter-output>
        </test-method> <!-- AfterSuite -->
      </class> <!-- testNGPractices.TestNGPractice_BeforeandAfter -->
      <class name="testNGPractices.TestTwo">
        <test-method status="PASS" signature="Test2()[pri:0, instance:testNGPractices.TestTwo@5f375618]" name="Test2" duration-ms="1" started-at="2018-08-18T16:09:58Z" finished-at="2018-08-18T16:09:58Z">
          <reporter-output>
          </reporter-output>
        </test-method> <!-- Test2 -->
      </class> <!-- testNGPractices.TestTwo -->
      <class name="testNGPractices.TestThree">
        <test-method status="PASS" signature="Test3()[pri:0, instance:testNGPractices.TestThree@1810399e]" name="Test3" duration-ms="8" started-at="2018-08-18T16:09:58Z" finished-at="2018-08-18T16:09:58Z">
          <reporter-output>
          </reporter-output>
        </test-method> <!-- Test3 -->
      </class> <!-- testNGPractices.TestThree -->
    </test> <!-- TestNGTest -->
  </suite> <!-- TestNGSuite -->
</testng-results>
